<?xml version="1.0" encoding="UTF-8"?>
<!-- Generated by org.testng.reporters.JUnitXMLReporter -->
<testsuite ignored="2" hostname="DKMJWYM9Q0711" failures="0" tests="1" name="Default test" time="12.924" errors="0" timestamp="2025-06-06T17:58:15 CEST">
  <testcase classname="com.ui.tests.LoginTests" name="loginExcelTest" time="3.051"/>
  <testcase classname="com.ui.tests.LoginTests" name="loginTest" time="0.0">
    <ignored/>
  </testcase> <!-- loginTest -->
  <testcase classname="com.ui.tests.LoginTests" name="loginCSVTest" time="0.0">
    <ignored/>
  </testcase> <!-- loginCSVTest -->
</testsuite> <!-- Default test -->
