<?xml version="1.0" encoding="UTF-8"?>
<testng-results ignored="0" total="1" passed="1" failed="0" skipped="0">
  <reporter-output>
  </reporter-output>
  <suite started-at="2025-06-06T17:58:02 CEST" name="Default suite" finished-at="2025-06-06T17:58:15 CEST" duration-ms="12924">
    <groups>
      <group name="Sanity">
        <method signature="LoginTests.loginExcelTest(com.ui.pojo.User)[pri:0, instance:com.ui.tests.LoginTests@2d3379b4]" name="loginExcelTest" class="com.ui.tests.LoginTests"/>
      </group> <!-- Sanity -->
      <group name="E2E">
        <method signature="LoginTests.loginExcelTest(com.ui.pojo.User)[pri:0, instance:com.ui.tests.LoginTests@2d3379b4]" name="loginExcelTest" class="com.ui.tests.LoginTests"/>
      </group> <!-- E2E -->
    </groups>
    <test started-at="2025-06-06T17:58:02 CEST" name="Default test" finished-at="2025-06-06T17:58:15 CEST" duration-ms="12924">
      <class name="com.ui.tests.LoginTests">
        <test-method is-config="true" signature="setUp()[pri:0, instance:com.ui.tests.LoginTests@2d3379b4]" started-at="2025-06-06T17:58:03 CEST" name="setUp" description="Load HomePage of the application" finished-at="2025-06-06T17:58:12 CEST" duration-ms="9014" status="PASS">
          <reporter-output>
          </reporter-output>
        </test-method> <!-- setUp -->
        <test-method signature="loginExcelTest(com.ui.pojo.User)[pri:0, instance:com.ui.tests.LoginTests@2d3379b4]" started-at="2025-06-06T17:58:12 CEST" name="loginExcelTest" description="Verifies a valid user is able to login in application" data-provider="LoginTestExcelDataProvider" finished-at="2025-06-06T17:58:15 CEST" duration-ms="3051" status="PASS">
          <params>
            <param index="0">
              <value>
                <![CDATA[User [emailAddress=lojaye4224@lxheir.com, password=password]]]>
              </value>
            </param>
          </params>
          <reporter-output>
          </reporter-output>
        </test-method> <!-- loginExcelTest -->
      </class> <!-- com.ui.tests.LoginTests -->
    </test> <!-- Default test -->
  </suite> <!-- Default suite -->
</testng-results>
